<?xml version="1.0" encoding="UTF-8"?>
<!-- Generated by org.testng.reporters.JUnitXMLReporter -->
<testsuite ignored="0" hostname="LAPTOP-ONN5GLAC" failures="0" tests="4" name="Test" time="4.345" errors="0" timestamp="2025-10-04T14:03:42 IST">
  <testcase classname="com.api_test.getapi" name="getuser" time="4.155"/>
  <testcase classname="com.api_test.deleteuser" name="delete" time="0.029"/>
  <testcase classname="com.api_test.createuser" name="usercreated" time="0.054"/>
  <testcase classname="com.api_test.putuser" name="updateuser" time="0.033"/>
</testsuite> <!-- Test -->
