<?xml version="1.0" encoding="UTF-8"?>
<testng-results ignored="0" total="4" passed="4" failed="0" skipped="0">
  <reporter-output>
  </reporter-output>
  <suite started-at="2025-10-04T14:03:38 IST" name="Suite" finished-at="2025-10-04T14:03:42 IST" duration-ms="4345">
    <groups>
    </groups>
    <test started-at="2025-10-04T14:03:38 IST" name="Test" finished-at="2025-10-04T14:03:42 IST" duration-ms="4345">
      <class name="com.api_test.getapi">
        <test-method signature="getuser()[pri:0, instance:com.api_test.getapi@1ddf84b8]" started-at="2025-10-04T14:03:38 IST" name="getuser" finished-at="2025-10-04T14:03:42 IST" duration-ms="4155" status="PASS">
          <reporter-output>
          </reporter-output>
        </test-method> <!-- getuser -->
      </class> <!-- com.api_test.getapi -->
      <class name="com.api_test.createuser">
        <test-method is-config="true" signature="setup()[pri:0, instance:com.api_test.createuser@393671df]" started-at="2025-10-04T14:03:42 IST" name="setup" finished-at="2025-10-04T14:03:42 IST" duration-ms="1" status="PASS">
          <reporter-output>
          </reporter-output>
        </test-method> <!-- setup -->
        <test-method signature="usercreated()[pri:0, instance:com.api_test.createuser@393671df]" started-at="2025-10-04T14:03:42 IST" name="usercreated" finished-at="2025-10-04T14:03:42 IST" duration-ms="54" status="PASS">
          <reporter-output>
          </reporter-output>
        </test-method> <!-- usercreated -->
      </class> <!-- com.api_test.createuser -->
      <class name="com.api_test.deleteuser">
        <test-method signature="delete()[pri:0, instance:com.api_test.deleteuser@1725dc0f]" started-at="2025-10-04T14:03:42 IST" name="delete" finished-at="2025-10-04T14:03:42 IST" duration-ms="29" status="PASS">
          <reporter-output>
          </reporter-output>
        </test-method> <!-- delete -->
      </class> <!-- com.api_test.deleteuser -->
      <class name="com.api_test.putuser">
        <test-method signature="updateuser()[pri:0, instance:com.api_test.putuser@56620197]" started-at="2025-10-04T14:03:42 IST" name="updateuser" finished-at="2025-10-04T14:03:42 IST" duration-ms="33" status="PASS">
          <reporter-output>
          </reporter-output>
        </test-method> <!-- updateuser -->
      </class> <!-- com.api_test.putuser -->
    </test> <!-- Test -->
  </suite> <!-- Suite -->
</testng-results>
